
Showing logs for build [32mcb-kubecd-bdd-gh-1583953147-pr-9zwpq-1[0m stage [32mfrom-build-pack[0m and container [32mstep-credential-initializer-zs2s8[0m
{"level":"warn","ts":1583954753.9277291,"logger":"fallback-logger","caller":"logging/config.go:69","msg":"Fetch GitHub commit ID from kodata failed: \"ref: refs/heads/0.8.0-**-support-backwards-incompats\" is not a valid GitHub commit ID"}
{"level":"info","ts":1583954753.928214,"logger":"fallback-logger","caller":"creds-init/main.go:40","msg":"Credentials initialized."}

Showing logs for build [32mcb-kubecd-bdd-gh-1583953147-pr-9zwpq-1[0m stage [32mfrom-build-pack[0m and container [32mstep-working-dir-initializer-4btff[0m
{"level":"warn","ts":1583954754.351523,"logger":"fallback-logger","caller":"logging/config.go:69","msg":"Fetch GitHub commit ID from kodata failed: open /var/run/ko/HEAD: no such file or directory"}
{"level":"info","ts":1583954754.352936,"logger":"fallback-logger","caller":"bash/main.go:64","msg":"Successfully executed command \"sh -c mkdir -p /workspace/source\"; output "}

Showing logs for build [32mcb-kubecd-bdd-gh-1583953147-pr-9zwpq-1[0m stage [32mfrom-build-pack[0m and container [32mstep-place-tools[0m

Showing logs for build [32mcb-kubecd-bdd-gh-1583953147-pr-9zwpq-1[0m stage [32mfrom-build-pack[0m and container [32mstep-git-source-cb-kubecd-bdd-gh-1583953147-pr-9zwpq-7bc24[0m
{"level":"warn","ts":1583954760.5089958,"logger":"fallback-logger","caller":"logging/config.go:69","msg":"Fetch GitHub commit ID from kodata failed: \"ref: refs/heads/0.8.0-**-support-backwards-incompats\" is not a valid GitHub commit ID"}
{"level":"info","ts":1583954761.679271,"logger":"fallback-logger","caller":"git/git.go:103","msg":"Successfully cloned https://github.com/cb-kubecd/bdd-gh-1583953147.git @ master in path /workspace/source"}

Showing logs for build [32mcb-kubecd-bdd-gh-1583953147-pr-9zwpq-1[0m stage [32mfrom-build-pack[0m and container [32mstep-git-merge[0m
Using SHAs from PULL_REFS=master:80e6642203d405d64108850082a7c55eeb771ce1,1:280cfb65d7b3b1c398d2f7dee8b896d60afb621c
DEBUG: LC_ALL=C JX_LOG_LEVEL=error git fetch origin --unshallow 280cfb65d7b3b1c398d2f7dee8b896d60afb621c: 80e6642203d405d64108850082a7c55eeb771ce1:
DEBUG: ran git fetch --unshallow origin 280cfb65d7b3b1c398d2f7dee8b896d60afb621c: 80e6642203d405d64108850082a7c55eeb771ce1: in 
DEBUG: LC_ALL=C JX_LOG_LEVEL=error git branch
DEBUG: LC_ALL=C JX_LOG_LEVEL=error git checkout master
DEBUG: ran git checkout master in 
DEBUG: JX_LOG_LEVEL=error LC_ALL=C git reset --hard 80e6642203d405d64108850082a7c55eeb771ce1
DEBUG: ran git reset --hard 80e6642203d405d64108850082a7c55eeb771ce1 in 
DEBUG: LC_ALL=C JX_LOG_LEVEL=error git clean -fd .
DEBUG: ran clean --force -d . in 
DEBUG: LC_ALL=C JX_LOG_LEVEL=error git merge 280cfb65d7b3b1c398d2f7dee8b896d60afb621c
DEBUG: ran git merge 280cfb65d7b3b1c398d2f7dee8b896d60afb621c in 
DEBUG: LC_ALL=C JX_LOG_LEVEL=error git log --format=%H%x1f%an%x1f%ae%x1f%cn%x1f%ce%x1f%s%n%b%x1e 80e6642203d405d64108850082a7c55eeb771ce1..HEAD
Merged SHA 280cfb65d7b3b1c398d2f7dee8b896d60afb621c with commit message 'My first PR commit' into base branch master

Showing logs for build [32mcb-kubecd-bdd-gh-1583953147-pr-9zwpq-1[0m stage [32mfrom-build-pack[0m and container [32mstep-build-make-linux[0m
CGO_ENABLED=0 GOOS=linux GOARCH=amd64 GO15VENDOREXPERIMENT=1 go build -ldflags '' -o bin/bdd-gh-1583953147 main.go

Showing logs for build [32mcb-kubecd-bdd-gh-1583953147-pr-9zwpq-1[0m stage [32mfrom-build-pack[0m and container [32mstep-build-container-build[0m
[36mINFO[0m[0000] No base image, nothing to extract            
[36mINFO[0m[0000] cmd: EXPOSE                                  
[36mINFO[0m[0000] Adding exposed port: 8080/tcp                
[36mINFO[0m[0000] Using files from context: [/workspace/source/bin] 
[36mINFO[0m[0000] Skipping unpacking as no commands require it. 
[36mINFO[0m[0000] Taking snapshot of full filesystem...        
[36mINFO[0m[0000] EXPOSE 8080                                  
[36mINFO[0m[0000] cmd: EXPOSE                                  
[36mINFO[0m[0000] Adding exposed port: 8080/tcp                
[36mINFO[0m[0000] No files changed in this command, skipping snapshotting. 
[36mINFO[0m[0000] ENTRYPOINT ["/bdd-gh-1583953147"]            
[36mINFO[0m[0000] No files changed in this command, skipping snapshotting. 
[36mINFO[0m[0000] Using files from context: [/workspace/source/bin] 
[36mINFO[0m[0000] COPY ./bin/ /                                
[36mINFO[0m[0000] Taking snapshot of files...                  
2020/03/11 19:26:17 pushed blob: sha256:0aa718b23e7c58b8238847bca7c781c0ac2179aaa14148d84bc20729f5647d86
2020/03/11 19:26:17 pushed blob: sha256:f363f11112298d6efadea1100458ec4e5f381a096b1fedc111589cc105b3d9ce
2020/03/11 19:26:19 gcr.io/jenkins-x-bdd3/bdd-gh-1583953147:0.0.0-SNAPSHOT-PR-1-1: digest: sha256:5488e874aa18767fe7ee4c49120772bbb8bd967c1b24e0ec9baef04514acbd3e size: 428

Showing logs for build [32mcb-kubecd-bdd-gh-1583953147-pr-9zwpq-1[0m stage [32mfrom-build-pack[0m and container [32mstep-postbuild-post-build[0m
no CVE provider running in the current ** namespace so skip adding image to be analysed

Showing logs for build [32mcb-kubecd-bdd-gh-1583953147-pr-9zwpq-1[0m stage [32mfrom-build-pack[0m and container [32mstep-promote-make-preview[0m
sed -i -e "s/version:.*/version: 0.0.0-SNAPSHOT-PR-1-1/" Chart.yaml
sed -i -e "s/version:.*/version: 0.0.0-SNAPSHOT-PR-1-1/" ../*/Chart.yaml
sed -i -e "s|repository:.*|repository: gcr.io\/jenkins-x-bdd3\/bdd-gh-1583953147|" values.yaml
sed -i -e "s/tag:.*/tag: 0.0.0-SNAPSHOT-PR-1-1/" values.yaml
echo "  version: 0.0.0-SNAPSHOT-PR-1-1" >> requirements.yaml
** step helm build
WARNING: No $CHART_REPOSITORY defined so using the default value of: http://jenkins-x-chartmuseum:8080
Adding missing Helm repo: storage.googleapis.com https://storage.googleapis.com/chartmuseum.jenkins-x.io
WARNING: No secrets found on "helm/repos" due: reading the secret "helm/repos" from vault: no secret "helm/repos" not found in vault
Read credentials for https://storage.googleapis.com/chartmuseum.jenkins-x.io from vault helm/repos
Successfully added Helm repository storage.googleapis.com.
Adding missing Helm repo: jenkins-x-chartmuseum http://jenkins-x-chartmuseum:8080
WARNING: No secrets found on "helm/repos" due: reading the secret "helm/repos" from vault: no secret "helm/repos" not found in vault
Read credentials for http://jenkins-x-chartmuseum:8080 from vault helm/repos
Successfully added Helm repository jenkins-x-chartmuseum.
WARNING: No $CHART_REPOSITORY defined so using the default value of: http://jenkins-x-chartmuseum:8080
Adding missing Helm repo: chartmuseum.jenkins-x.io http://chartmuseum.jenkins-x.io
WARNING: No secrets found on "helm/repos" due: reading the secret "helm/repos" from vault: no secret "helm/repos" not found in vault
Read credentials for http://chartmuseum.jenkins-x.io from vault helm/repos
Successfully added Helm repository chartmuseum.jenkins-x.io.

Showing logs for build [32mcb-kubecd-bdd-gh-1583953147-pr-9zwpq-1[0m stage [32mfrom-build-pack[0m and container [32mstep-promote-jx-preview[0m
Creating a preview
Created environment cb-kubecd-bdd-gh-1583953147-pr-1
Namespace **-cb-kubecd-bdd-gh-1583953147-pr-1 created 
expose:
  Annotations:
    helm.sh/hook: post-install,post-upgrade
    helm.sh/hook-delete-policy: hook-succeeded
  config:
    domain: c**d8.bdd.jenkins-x.rocks
    exposer: Ingress
    http: "true"
preview:
  image:
    repository: gcr.io/jenkins-x-bdd3/bdd-gh-1583953147
    tag: 0.0.0-SNAPSHOT-PR-1-1

Updating PipelineActivities cb-kubecd-bdd-gh-1583953147-pr-1-1 which has status Running
WARNING: preview application http://bdd-gh-1583953147.**-cb-kubecd-bdd-gh-1583953147-pr-1.c**d8.bdd.jenkins-x.rocks not available, error was Get http://bdd-gh-1583953147.**-cb-kubecd-bdd-gh-1583953147-pr-1.c**d8.bdd.jenkins-x.rocks: dial tcp: lookup bdd-gh-1583953147.**-cb-kubecd-bdd-gh-1583953147-pr-1.c**d8.bdd.jenkins-x.rocks on 10.59.240.10:53: no such host, delaying for: 1.283034974s
WARNING: preview application http://bdd-gh-1583953147.**-cb-kubecd-bdd-gh-1583953147-pr-1.c**d8.bdd.jenkins-x.rocks not available, error was Get http://bdd-gh-1583953147.**-cb-kubecd-bdd-gh-1583953147-pr-1.c**d8.bdd.jenkins-x.rocks: dial tcp: lookup bdd-gh-1583953147.**-cb-kubecd-bdd-gh-1583953147-pr-1.c**d8.bdd.jenkins-x.rocks on 10.59.240.10:53: no such host, delaying for: 956.706092ms
WARNING: preview application http://bdd-gh-1583953147.**-cb-kubecd-bdd-gh-1583953147-pr-1.c**d8.bdd.jenkins-x.rocks not available, error was Get http://bdd-gh-1583953147.**-cb-kubecd-bdd-gh-1583953147-pr-1.c**d8.bdd.jenkins-x.rocks: dial tcp: lookup bdd-gh-1583953147.**-cb-kubecd-bdd-gh-1583953147-pr-1.c**d8.bdd.jenkins-x.rocks on 10.59.240.10:53: no such host, delaying for: 1.345569468s
WARNING: preview application http://bdd-gh-1583953147.**-cb-kubecd-bdd-gh-1583953147-pr-1.c**d8.bdd.jenkins-x.rocks not available, error was Get http://bdd-gh-1583953147.**-cb-kubecd-bdd-gh-1583953147-pr-1.c**d8.bdd.jenkins-x.rocks: dial tcp: lookup bdd-gh-1583953147.**-cb-kubecd-bdd-gh-1583953147-pr-1.c**d8.bdd.jenkins-x.rocks on 10.59.240.10:53: no such host, delaying for: 4.050971572s
WARNING: preview application http://bdd-gh-1583953147.**-cb-kubecd-bdd-gh-1583953147-pr-1.c**d8.bdd.jenkins-x.rocks not available, error was Get http://bdd-gh-1583953147.**-cb-kubecd-bdd-gh-1583953147-pr-1.c**d8.bdd.jenkins-x.rocks: dial tcp: lookup bdd-gh-1583953147.**-cb-kubecd-bdd-gh-1583953147-pr-1.c**d8.bdd.jenkins-x.rocks on 10.59.240.10:53: no such host, delaying for: 2.640264778s
WARNING: preview application http://bdd-gh-1583953147.**-cb-kubecd-bdd-gh-1583953147-pr-1.c**d8.bdd.jenkins-x.rocks not available, error was Get http://bdd-gh-1583953147.**-cb-kubecd-bdd-gh-1583953147-pr-1.c**d8.bdd.jenkins-x.rocks: dial tcp: lookup bdd-gh-1583953147.**-cb-kubecd-bdd-gh-1583953147-pr-1.c**d8.bdd.jenkins-x.rocks on 10.59.240.10:53: no such host, delaying for: 7.589083593s
WARNING: preview application http://bdd-gh-1583953147.**-cb-kubecd-bdd-gh-1583953147-pr-1.c**d8.bdd.jenkins-x.rocks not available, error was Get http://bdd-gh-1583953147.**-cb-kubecd-bdd-gh-1583953147-pr-1.c**d8.bdd.jenkins-x.rocks: dial tcp: lookup bdd-gh-1583953147.**-cb-kubecd-bdd-gh-1583953147-pr-1.c**d8.bdd.jenkins-x.rocks on 10.59.240.10:53: no such host, delaying for: 6.520544564s
WARNING: preview application http://bdd-gh-1583953147.**-cb-kubecd-bdd-gh-1583953147-pr-1.c**d8.bdd.jenkins-x.rocks not available, error was Get http://bdd-gh-1583953147.**-cb-kubecd-bdd-gh-1583953147-pr-1.c**d8.bdd.jenkins-x.rocks: dial tcp: lookup bdd-gh-1583953147.**-cb-kubecd-bdd-gh-1583953147-pr-1.c**d8.bdd.jenkins-x.rocks on 10.59.240.10:53: no such host, delaying for: 10.199180659s
WARNING: preview application http://bdd-gh-1583953147.**-cb-kubecd-bdd-gh-1583953147-pr-1.c**d8.bdd.jenkins-x.rocks not available, error was Get http://bdd-gh-1583953147.**-cb-kubecd-bdd-gh-1583953147-pr-1.c**d8.bdd.jenkins-x.rocks: dial tcp: lookup bdd-gh-1583953147.**-cb-kubecd-bdd-gh-1583953147-pr-1.c**d8.bdd.jenkins-x.rocks on 10.59.240.10:53: no such host, delaying for: 37.600023335s
WARNING: preview application http://bdd-gh-1583953147.**-cb-kubecd-bdd-gh-1583953147-pr-1.c**d8.bdd.jenkins-x.rocks not available, error was Get http://bdd-gh-1583953147.**-cb-kubecd-bdd-gh-1583953147-pr-1.c**d8.bdd.jenkins-x.rocks: dial tcp: lookup bdd-gh-1583953147.**-cb-kubecd-bdd-gh-1583953147-pr-1.c**d8.bdd.jenkins-x.rocks on 10.59.240.10:53: no such host, delaying for: 35.856053632s
Preview application is now available at: http://bdd-gh-1583953147.**-cb-kubecd-bdd-gh-1583953147-pr-1.c**d8.bdd.jenkins-x.rocks
